android/app/build/intermediates/manifest_merge_blame_file/debug/manifest-merger-blame-debug-report.txt
1<?xml version="1.0" encoding="utf-8"?>
2<manifest xmlns:android="http://schemas.android.com/apk/res/android"
3    package="com.freecafeteria"
4    android:versionCode="1"
5    android:versionName="1.0" >
6
7    <uses-sdk
8        android:minSdkVersion="23"
9        android:targetSdkVersion="34" />
10
11    <uses-permission android:name="android.permission.INTERNET" />
11-->src/main/AndroidManifest.xml:3:5-67
11-->src/main/AndroidManifest.xml:3:22-64
12    <uses-permission android:name="android.permission.ACCESS_FINE_LOCATION" />
12-->src/main/AndroidManifest.xml:30:7-81
12-->src/main/AndroidManifest.xml:30:24-78
13    <uses-permission android:name="android.permission.ACCESS_COARSE_LOCATION" />
13-->src/main/AndroidManifest.xml:31:7-83
13-->src/main/AndroidManifest.xml:31:24-80
14    <uses-permission android:name="android.permission.ACCESS_BACKGROUND_LOCATION" />
14-->src/main/AndroidManifest.xml:33:7-87
14-->src/main/AndroidManifest.xml:33:24-84
15    <!--
16    This manifest file is used only by Gradle to configure debug-only capabilities
17    for React Native Apps.
18    -->
19    <uses-permission android:name="android.permission.SYSTEM_ALERT_WINDOW" />
19-->[com.facebook.react:react-android:0.74.0] AndroidManifest.xml:16:5-78
19-->[com.facebook.react:react-android:0.74.0] AndroidManifest.xml:16:22-75
20
21    <uses-feature
21-->[com.naver.maps:map-sdk:3.18.0] AndroidManifest.xml:7:5-9:35
22        android:glEsVersion="0x00020000"
22-->[com.naver.maps:map-sdk:3.18.0] AndroidManifest.xml:8:9-41
23        android:required="true" />
23-->[com.naver.maps:map-sdk:3.18.0] AndroidManifest.xml:9:9-32
24    <uses-feature
24-->[com.naver.maps:map-sdk:3.18.0] AndroidManifest.xml:10:5-12:36
25        android:name="android.hardware.wifi"
25-->[com.naver.maps:map-sdk:3.18.0] AndroidManifest.xml:11:9-45
26        android:required="false" />
26-->[com.naver.maps:map-sdk:3.18.0] AndroidManifest.xml:12:9-33
27
28    <uses-permission android:name="android.permission.ACCESS_NETWORK_STATE" />
28-->[com.naver.maps:map-sdk:3.18.0] AndroidManifest.xml:15:5-79
28-->[com.naver.maps:map-sdk:3.18.0] AndroidManifest.xml:15:22-76
29    <uses-permission android:name="android.permission.ACCESS_WIFI_STATE" />
29-->[com.naver.maps:map-sdk:3.18.0] AndroidManifest.xml:16:5-76
29-->[com.naver.maps:map-sdk:3.18.0] AndroidManifest.xml:16:22-73
30
31    <permission
31-->[androidx.core:core:1.9.0] AndroidManifest.xml:22:5-24:47
32        android:name="com.freecafeteria.DYNAMIC_RECEIVER_NOT_EXPORTED_PERMISSION"
32-->[androidx.core:core:1.9.0] AndroidManifest.xml:23:9-81
33        android:protectionLevel="signature" />
33-->[androidx.core:core:1.9.0] AndroidManifest.xml:24:9-44
34
35    <uses-permission android:name="com.freecafeteria.DYNAMIC_RECEIVER_NOT_EXPORTED_PERMISSION" />
35-->[androidx.core:core:1.9.0] AndroidManifest.xml:26:5-97
35-->[androidx.core:core:1.9.0] AndroidManifest.xml:26:22-94
36
37    <application
37-->src/main/AndroidManifest.xml:5:5-28:19
38        android:name="com.freecafeteria.MainApplication"
38-->src/main/AndroidManifest.xml:6:7-38
39        android:allowBackup="false"
39-->src/main/AndroidManifest.xml:10:7-34
40        android:appComponentFactory="androidx.core.app.CoreComponentFactory"
40-->[androidx.core:core:1.9.0] AndroidManifest.xml:28:18-86
41        android:debuggable="true"
42        android:extractNativeLibs="false"
43        android:icon="@mipmap/ic_launcher"
43-->src/main/AndroidManifest.xml:8:7-41
44        android:label="@string/app_name"
44-->src/main/AndroidManifest.xml:7:7-39
45        android:roundIcon="@mipmap/ic_launcher_round"
45-->src/main/AndroidManifest.xml:9:7-52
46        android:theme="@style/AppTheme"
46-->src/main/AndroidManifest.xml:11:7-38
47        android:usesCleartextTraffic="true" >
47-->src/debug/AndroidManifest.xml:6:9-44
48        <activity
48-->src/main/AndroidManifest.xml:12:7-23:18
49            android:name="com.freecafeteria.MainActivity"
49-->src/main/AndroidManifest.xml:13:9-37
50            android:configChanges="keyboard|keyboardHidden|orientation|screenLayout|screenSize|smallestScreenSize|uiMode"
50-->src/main/AndroidManifest.xml:15:9-118
51            android:exported="true"
51-->src/main/AndroidManifest.xml:18:9-32
52            android:label="@string/app_name"
52-->src/main/AndroidManifest.xml:14:9-41
53            android:launchMode="singleTask"
53-->src/main/AndroidManifest.xml:16:9-40
54            android:windowSoftInputMode="adjustResize" >
54-->src/main/AndroidManifest.xml:17:9-51
55            <intent-filter>
55-->src/main/AndroidManifest.xml:19:9-22:25
56                <action android:name="android.intent.action.MAIN" />
56-->src/main/AndroidManifest.xml:20:13-65
56-->src/main/AndroidManifest.xml:20:21-62
57
58                <category android:name="android.intent.category.LAUNCHER" />
58-->src/main/AndroidManifest.xml:21:13-73
58-->src/main/AndroidManifest.xml:21:23-70
59            </intent-filter>
60        </activity>
61
62        <meta-data
62-->src/main/AndroidManifest.xml:24:7-26:42
63            android:name="com.naver.maps.map.CLIENT_ID"
63-->src/main/AndroidManifest.xml:25:13-56
64            android:value="50q91p8kto" />
64-->src/main/AndroidManifest.xml:26:13-39
65
66        <activity
66-->[com.facebook.react:react-android:0.74.0] AndroidManifest.xml:19:9-21:40
67            android:name="com.facebook.react.devsupport.DevSettingsActivity"
67-->[com.facebook.react:react-android:0.74.0] AndroidManifest.xml:20:13-77
68            android:exported="false" />
68-->[com.facebook.react:react-android:0.74.0] AndroidManifest.xml:21:13-37
69        <activity
69-->[com.naver.maps:map-sdk:3.18.0] AndroidManifest.xml:19:9-23:51
70            android:name="com.naver.maps.map.app.LegendActivity"
70-->[com.naver.maps:map-sdk:3.18.0] AndroidManifest.xml:20:13-65
71            android:configChanges="screenSize|smallestScreenSize|screenLayout|orientation"
71-->[com.naver.maps:map-sdk:3.18.0] AndroidManifest.xml:21:13-91
72            android:label="@string/navermap_legend"
72-->[com.naver.maps:map-sdk:3.18.0] AndroidManifest.xml:22:13-52
73            android:theme="@style/navermap_app" />
73-->[com.naver.maps:map-sdk:3.18.0] AndroidManifest.xml:23:13-48
74        <activity
74-->[com.naver.maps:map-sdk:3.18.0] AndroidManifest.xml:24:9-28:51
75            android:name="com.naver.maps.map.app.LegalNoticeActivity"
75-->[com.naver.maps:map-sdk:3.18.0] AndroidManifest.xml:25:13-70
76            android:configChanges="screenSize|smallestScreenSize|screenLayout|orientation"
76-->[com.naver.maps:map-sdk:3.18.0] AndroidManifest.xml:26:13-91
77            android:label="@string/navermap_legal_notice"
77-->[com.naver.maps:map-sdk:3.18.0] AndroidManifest.xml:27:13-58
78            android:theme="@style/navermap_app" />
78-->[com.naver.maps:map-sdk:3.18.0] AndroidManifest.xml:28:13-48
79        <activity
79-->[com.naver.maps:map-sdk:3.18.0] AndroidManifest.xml:29:9-33:51
80            android:name="com.naver.maps.map.app.OpenSourceLicenseActivity"
80-->[com.naver.maps:map-sdk:3.18.0] AndroidManifest.xml:30:13-76
81            android:configChanges="screenSize|smallestScreenSize|screenLayout|orientation"
81-->[com.naver.maps:map-sdk:3.18.0] AndroidManifest.xml:31:13-91
82            android:label="@string/navermap_open_source_license"
82-->[com.naver.maps:map-sdk:3.18.0] AndroidManifest.xml:32:13-65
83            android:theme="@style/navermap_app" />
83-->[com.naver.maps:map-sdk:3.18.0] AndroidManifest.xml:33:13-48
84        <activity
84-->[com.google.android.gms:play-services-base:18.3.0] AndroidManifest.xml:20:9-22:45
85            android:name="com.google.android.gms.common.api.GoogleApiActivity"
85-->[com.google.android.gms:play-services-base:18.3.0] AndroidManifest.xml:20:19-85
86            android:exported="false"
86-->[com.google.android.gms:play-services-base:18.3.0] AndroidManifest.xml:22:19-43
87            android:theme="@android:style/Theme.Translucent.NoTitleBar" />
87-->[com.google.android.gms:play-services-base:18.3.0] AndroidManifest.xml:21:19-78
88
89        <meta-data
89-->[com.google.android.gms:play-services-basement:18.3.0] AndroidManifest.xml:21:9-23:69
90            android:name="com.google.android.gms.version"
90-->[com.google.android.gms:play-services-basement:18.3.0] AndroidManifest.xml:22:13-58
91            android:value="@integer/google_play_services_version" />
91-->[com.google.android.gms:play-services-basement:18.3.0] AndroidManifest.xml:23:13-66
92
93        <provider
93-->[androidx.emoji2:emoji2:1.2.0] AndroidManifest.xml:24:9-32:20
94            android:name="androidx.startup.InitializationProvider"
94-->[androidx.emoji2:emoji2:1.2.0] AndroidManifest.xml:25:13-67
95            android:authorities="com.freecafeteria.androidx-startup"
95-->[androidx.emoji2:emoji2:1.2.0] AndroidManifest.xml:26:13-68
96            android:exported="false" >
96-->[androidx.emoji2:emoji2:1.2.0] AndroidManifest.xml:27:13-37
97            <meta-data
97-->[androidx.emoji2:emoji2:1.2.0] AndroidManifest.xml:29:13-31:52
98                android:name="androidx.emoji2.text.EmojiCompatInitializer"
98-->[androidx.emoji2:emoji2:1.2.0] AndroidManifest.xml:30:17-75
99                android:value="androidx.startup" />
99-->[androidx.emoji2:emoji2:1.2.0] AndroidManifest.xml:31:17-49
100            <meta-data
100-->[androidx.lifecycle:lifecycle-process:2.4.1] AndroidManifest.xml:31:13-33:52
101                android:name="androidx.lifecycle.ProcessLifecycleInitializer"
101-->[androidx.lifecycle:lifecycle-process:2.4.1] AndroidManifest.xml:32:17-78
102                android:value="androidx.startup" />
102-->[androidx.lifecycle:lifecycle-process:2.4.1] AndroidManifest.xml:33:17-49
103        </provider>
104
105        <meta-data
105-->[com.facebook.soloader:soloader:0.10.5] AndroidManifest.xml:12:9-14:37
106            android:name="com.facebook.soloader.enabled"
106-->[com.facebook.soloader:soloader:0.10.5] AndroidManifest.xml:13:13-57
107            android:value="false" />
107-->[com.facebook.soloader:soloader:0.10.5] AndroidManifest.xml:14:13-34
108    </application>
109
110</manifest>